2024-04-12 20:49:50,671 [Worker-6: Loading available Gradle versions] INFO  o.e.b.c.i.u.g.PublishedGradleVersions - Gradle version information cache is out-of-date. Trying to update.
2024-04-12 20:51:15,200 [Worker-7: Importing Maven projects] INFO  o.e.m.c.i.l.LifecycleMappingFactory - Using org.eclipse.m2e.jdt.JarLifecycleMapping lifecycle mapping for MavenProject: com.santander:treino:0.0.1-SNAPSHOT @ C:\Users\Carlo\ProjetosSpring\treino\pom.xml.
2024-04-12 20:51:21,703 [Worker-7: Importing Maven projects] INFO  o.e.m.j.i.AbstractJavaProjectConfigurator - Adding source folder /treino/src/main/java
2024-04-12 20:51:21,708 [Worker-7: Importing Maven projects] INFO  o.e.m.j.i.AbstractJavaProjectConfigurator - Adding resource folder /treino/src/main/resources
2024-04-12 20:51:21,723 [Worker-7: Importing Maven projects] INFO  o.e.m.j.i.AbstractJavaProjectConfigurator - Adding resource folder /treino/src/main/resources
2024-04-12 20:51:21,740 [Worker-7: Importing Maven projects] INFO  o.e.m.j.i.AbstractJavaProjectConfigurator - Adding source folder /treino/src/test/java
2024-04-12 20:51:21,744 [Worker-7: Importing Maven projects] INFO  o.e.m.j.i.AbstractJavaProjectConfigurator - Adding resource folder /treino/src/test/resources
2024-04-12 20:51:26,941 [Worker-7: Importing Maven projects] INFO  o.e.m.c.i.p.ProjectConfigurationManager - Imported and configured 1 project(s) in 21 sec
2024-04-12 20:51:28,350 [Worker-7: Building] INFO  o.a.m.s.f.DefaultMavenResourcesFiltering - Copying 1 resource from src\main\resources to target\classes
2024-04-12 20:51:28,409 [Worker-7: Building] INFO  o.a.m.s.f.DefaultMavenResourcesFiltering - Copying 0 resource from src\main\resources to target\classes
2024-04-12 20:51:28,420 [Worker-7: Building] INFO  o.a.m.s.f.DefaultMavenResourcesFiltering - skip non existing resourceDirectory C:\Users\Carlo\ProjetosSpring\treino\src\test\resources
2024-04-12 21:23:17,083 [Worker-1: Loading available Gradle versions] INFO  o.e.b.c.i.u.g.PublishedGradleVersions - Gradle version information cache is out-of-date. Trying to update.
2024-04-12 22:30:40,590 [Worker-2: Loading available Gradle versions] INFO  o.e.b.c.i.u.g.PublishedGradleVersions - Gradle version information cache is out-of-date. Trying to update.
2024-04-12 22:30:49,192 [Worker-9: Building] INFO  o.a.m.s.f.DefaultMavenResourcesFiltering - Copying 1 resource from src\main\resources to target\classes
2024-04-12 22:30:49,313 [Worker-9: Building] INFO  o.a.m.s.f.DefaultMavenResourcesFiltering - Copying 0 resource from src\main\resources to target\classes
2024-04-12 22:30:49,322 [Worker-9: Building] INFO  o.a.m.s.f.DefaultMavenResourcesFiltering - skip non existing resourceDirectory C:\Users\Carlo\ProjetosSpring\treino\src\test\resources
2024-04-12 22:31:47,693 [Worker-12: Retrieving archetypes:] WARN  Sisu - Error injecting: org.apache.maven.wagon.providers.http.HttpWagon$__sisu20
com.google.inject.ProvisionException: Unable to provision, see the following errors:

1) [Guice/ErrorInjectingConstructor]: NoClassDefFoundError: Could not initialize class SSLContextImpl$DefaultSSLContext
  at HttpWagon$__sisu20.<init>(Unknown Source)
  while locating HttpWagon$__sisu20

Learn more:
  https://github.com/google/guice/wiki/ERROR_INJECTING_CONSTRUCTOR

1 error

======================
Full classname legend:
======================
HttpWagon$__sisu20:               "org.apache.maven.wagon.providers.http.HttpWagon$__sisu20"
SSLContextImpl$DefaultSSLContext: "sun.security.ssl.SSLContextImpl$DefaultSSLContext"
========================
End of classname legend:
========================

	at com.google.inject.internal.InternalProvisionException.toProvisionException(InternalProvisionException.java:251)
	at com.google.inject.internal.InjectorImpl$1.get(InjectorImpl.java:1104)
	at com.google.inject.internal.InjectorImpl.getInstance(InjectorImpl.java:1139)
	at org.eclipse.sisu.space.AbstractDeferredClass.get(AbstractDeferredClass.java:48)
	at com.google.inject.internal.ProviderInternalFactory.provision(ProviderInternalFactory.java:86)
	at com.google.inject.internal.InternalFactoryToInitializableAdapter.provision(InternalFactoryToInitializableAdapter.java:57)
	at com.google.inject.internal.ProviderInternalFactory$1.call(ProviderInternalFactory.java:67)
	at com.google.inject.internal.ProvisionListenerStackCallback$Provision.provision(ProvisionListenerStackCallback.java:109)
	at com.google.inject.internal.ProvisionListenerStackCallback$Provision.provision(ProvisionListenerStackCallback.java:124)
	at com.google.inject.internal.ProvisionListenerStackCallback.provision(ProvisionListenerStackCallback.java:66)
	at com.google.inject.internal.ProviderInternalFactory.circularGet(ProviderInternalFactory.java:62)
	at com.google.inject.internal.InternalFactoryToInitializableAdapter.get(InternalFactoryToInitializableAdapter.java:47)
	at com.google.inject.internal.InjectorImpl$1.get(InjectorImpl.java:1101)
	at org.eclipse.sisu.inject.Guice4$2.get(Guice4.java:233)
	at org.eclipse.sisu.inject.LazyBeanEntry.getValue(LazyBeanEntry.java:81)
	at org.eclipse.sisu.plexus.LazyPlexusBean.getValue(LazyPlexusBean.java:51)
	at java.base/java.util.AbstractMap.get(AbstractMap.java:187)
	at org.apache.maven.archetype.source.RemoteCatalogArchetypeDataSource.getWagon(RemoteCatalogArchetypeDataSource.java:206)
	at org.apache.maven.archetype.source.RemoteCatalogArchetypeDataSource.getWagon(RemoteCatalogArchetypeDataSource.java:193)
	at org.apache.maven.archetype.source.RemoteCatalogArchetypeDataSource.downloadCatalog(RemoteCatalogArchetypeDataSource.java:159)
	at org.apache.maven.archetype.source.RemoteCatalogArchetypeDataSource.getArchetypeCatalog(RemoteCatalogArchetypeDataSource.java:129)
	at org.eclipse.m2e.core.ui.internal.archetype.ArchetypeCatalogFactory$RemoteCatalogFactory.lambda$0(ArchetypeCatalogFactory.java:290)
	at org.eclipse.m2e.core.internal.embedder.MavenExecutionContext.executeBare(MavenExecutionContext.java:458)
	at org.eclipse.m2e.core.internal.embedder.MavenExecutionContext.execute(MavenExecutionContext.java:339)
	at org.eclipse.m2e.core.internal.embedder.MavenExecutionContext.execute(MavenExecutionContext.java:278)
	at org.eclipse.m2e.core.ui.internal.archetype.ArchetypeCatalogFactory$RemoteCatalogFactory.getArchetypeCatalog(ArchetypeCatalogFactory.java:283)
	at org.eclipse.m2e.core.ui.internal.wizards.MavenProjectWizardArchetypePage.getArchetypesForCatalog(MavenProjectWizardArchetypePage.java:491)
	at org.eclipse.m2e.core.ui.internal.wizards.MavenProjectWizardArchetypePage.getAllArchetypes(MavenProjectWizardArchetypePage.java:522)
	at org.eclipse.m2e.core.ui.internal.wizards.MavenProjectWizardArchetypePage.getArchetypesForCatalog(MavenProjectWizardArchetypePage.java:486)
	at org.eclipse.m2e.core.ui.internal.wizards.MavenProjectWizardArchetypePage$RetrievingArchetypesJob.run(MavenProjectWizardArchetypePage.java:955)
	at org.eclipse.core.internal.jobs.Worker.run(Worker.java:63)
Caused by: java.lang.NoClassDefFoundError: Could not initialize class sun.security.ssl.SSLContextImpl$DefaultSSLContext
	at java.base/java.lang.Class.forName0(Native Method)
	at java.base/java.lang.Class.forName(Class.java:375)
	at java.base/java.security.Provider$Service.getImplClass(Provider.java:1944)
	at java.base/java.security.Provider$Service.getDefaultConstructor(Provider.java:1975)
	at java.base/java.security.Provider$Service.newInstanceOf(Provider.java:1889)
	at java.base/java.security.Provider$Service.newInstanceUtil(Provider.java:1897)
	at java.base/java.security.Provider$Service.newInstance(Provider.java:1872)
	at java.base/sun.security.jca.GetInstance.getInstance(GetInstance.java:236)
	at java.base/sun.security.jca.GetInstance.getInstance(GetInstance.java:164)
	at java.base/javax.net.ssl.SSLContext.getInstance(SSLContext.java:185)
	at java.base/javax.net.ssl.SSLContext.getDefault(SSLContext.java:110)
	at java.base/javax.net.ssl.SSLSocketFactory.getDefault(SSLSocketFactory.java:83)
	at java.base/javax.net.ssl.HttpsURLConnection.getDefaultSSLSocketFactory(HttpsURLConnection.java:336)
	at org.apache.maven.wagon.shared.http.AbstractHttpClientWagon.createConnManager(AbstractHttpClientWagon.java:384)
	at org.apache.maven.wagon.shared.http.AbstractHttpClientWagon.<clinit>(AbstractHttpClientWagon.java:310)
	at org.apache.maven.wagon.providers.http.HttpWagon$__sisu20$$FastClassByGuice$$330072669.GUICE$TRAMPOLINE(<generated>)
	at org.apache.maven.wagon.providers.http.HttpWagon$__sisu20$$FastClassByGuice$$330072669.apply(<generated>)
	at com.google.inject.internal.DefaultConstructionProxyFactory$FastClassProxy.newInstance(DefaultConstructionProxyFactory.java:82)
	at com.google.inject.internal.ConstructorInjector.provision(ConstructorInjector.java:114)
	at com.google.inject.internal.ConstructorInjector.access$000(ConstructorInjector.java:33)
	at com.google.inject.internal.ConstructorInjector$1.call(ConstructorInjector.java:98)
	at com.google.inject.internal.ProvisionListenerStackCallback$Provision.provision(ProvisionListenerStackCallback.java:109)
	at com.google.inject.internal.ProvisionListenerStackCallback$Provision.provision(ProvisionListenerStackCallback.java:124)
	at com.google.inject.internal.ProvisionListenerStackCallback.provision(ProvisionListenerStackCallback.java:66)
	at com.google.inject.internal.ConstructorInjector.construct(ConstructorInjector.java:93)
	at com.google.inject.internal.ConstructorBindingImpl$Factory.get(ConstructorBindingImpl.java:300)
	at com.google.inject.internal.InjectorImpl$1.get(InjectorImpl.java:1101)
	... 29 common frames omitted
Caused by: java.lang.ExceptionInInitializerError: Exception java.lang.NoClassDefFoundError: Could not initialize class sun.security.ssl.SSLContextImpl$CustomizedTLSContext [in thread "Worker-2: Loading available Gradle versions"]
	at java.base/java.lang.Class.forName0(Native Method)
	at java.base/java.lang.Class.forName(Class.java:375)
	at java.base/java.security.Provider$Service.getImplClass(Provider.java:1944)
	at java.base/java.security.Provider$Service.getDefaultConstructor(Provider.java:1975)
	at java.base/java.security.Provider$Service.newInstanceOf(Provider.java:1889)
	at java.base/java.security.Provider$Service.newInstanceUtil(Provider.java:1897)
	at java.base/java.security.Provider$Service.newInstance(Provider.java:1872)
	at java.base/sun.security.jca.GetInstance.getInstance(GetInstance.java:236)
	at java.base/sun.security.jca.GetInstance.getInstance(GetInstance.java:164)
	at java.base/javax.net.ssl.SSLContext.getInstance(SSLContext.java:185)
	at java.base/javax.net.ssl.SSLContext.getDefault(SSLContext.java:110)
	at java.base/javax.net.ssl.SSLSocketFactory.getDefault(SSLSocketFactory.java:83)
	at java.base/javax.net.ssl.HttpsURLConnection.getDefaultSSLSocketFactory(HttpsURLConnection.java:336)
	at java.base/javax.net.ssl.HttpsURLConnection.<init>(HttpsURLConnection.java:292)
	at java.base/sun.net.www.protocol.https.HttpsURLConnectionImpl.<init>(HttpsURLConnectionImpl.java:81)
	at java.base/sun.net.www.protocol.https.Handler.openConnection(Handler.java:62)
	at java.base/sun.net.www.protocol.https.Handler.openConnection(Handler.java:57)
	at java.base/java.net.URL.openConnection(URL.java:1094)
	at org.eclipse.buildship.core.internal.util.gradle.PublishedGradleVersions.downloadVersionInformation(PublishedGradleVersions.java:159)
	at org.eclipse.buildship.core.internal.util.gradle.PublishedGradleVersions.tryToDownloadAndCacheVersions(PublishedGradleVersions.java:149)
	at org.eclipse.buildship.core.internal.util.gradle.PublishedGradleVersions.tryToUpdateOutdatedVersionsFile(PublishedGradleVersions.java:133)
	at org.eclipse.buildship.core.internal.util.gradle.PublishedGradleVersions.create(PublishedGradleVersions.java:117)
	at org.eclipse.buildship.core.internal.util.gradle.PublishedGradleVersionsWrapper$LoadVersionsJob.run(PublishedGradleVersionsWrapper.java:73)
	... 1 common frames omitted
2024-04-12 22:31:47,742 [Worker-12: Retrieving archetypes:] ERROR o.e.m.c.u.i.w.MavenProjectWizardArchetypePage - Unable to read archetype catalog: https://repo1.maven.org/maven2/archetype-catalog.xml
com.google.inject.ProvisionException: Unable to provision, see the following errors:

1) [Guice/ErrorInjectingConstructor]: NoClassDefFoundError: Could not initialize class SSLContextImpl$DefaultSSLContext
  at HttpWagon$__sisu20.<init>(Unknown Source)
  while locating HttpWagon$__sisu20
  at ClassRealm[plexus.core, parent: null]
      \_ installed by: WireModule -> PlexusBindingModule
  while locating Wagon annotated with @Named("https")

Learn more:
  https://github.com/google/guice/wiki/ERROR_INJECTING_CONSTRUCTOR

1 error

======================
Full classname legend:
======================
HttpWagon$__sisu20:               "org.apache.maven.wagon.providers.http.HttpWagon$__sisu20"
Named:                            "com.google.inject.name.Named"
PlexusBindingModule:              "org.eclipse.sisu.plexus.PlexusBindingModule"
SSLContextImpl$DefaultSSLContext: "sun.security.ssl.SSLContextImpl$DefaultSSLContext"
Wagon:                            "org.apache.maven.wagon.Wagon"
WireModule:                       "org.eclipse.sisu.wire.WireModule"
========================
End of classname legend:
========================

	at com.google.inject.internal.InternalProvisionException.toProvisionException(InternalProvisionException.java:251)
	at com.google.inject.internal.InjectorImpl$1.get(InjectorImpl.java:1104)
	at org.eclipse.sisu.inject.Guice4$2.get(Guice4.java:233)
	at org.eclipse.sisu.inject.LazyBeanEntry.getValue(LazyBeanEntry.java:81)
	at org.eclipse.sisu.plexus.LazyPlexusBean.getValue(LazyPlexusBean.java:51)
	at java.base/java.util.AbstractMap.get(AbstractMap.java:187)
	at org.apache.maven.archetype.source.RemoteCatalogArchetypeDataSource.getWagon(RemoteCatalogArchetypeDataSource.java:206)
	at org.apache.maven.archetype.source.RemoteCatalogArchetypeDataSource.getWagon(RemoteCatalogArchetypeDataSource.java:193)
	at org.apache.maven.archetype.source.RemoteCatalogArchetypeDataSource.downloadCatalog(RemoteCatalogArchetypeDataSource.java:159)
	at org.apache.maven.archetype.source.RemoteCatalogArchetypeDataSource.getArchetypeCatalog(RemoteCatalogArchetypeDataSource.java:129)
	at org.eclipse.m2e.core.ui.internal.archetype.ArchetypeCatalogFactory$RemoteCatalogFactory.lambda$0(ArchetypeCatalogFactory.java:290)
	at org.eclipse.m2e.core.internal.embedder.MavenExecutionContext.executeBare(MavenExecutionContext.java:458)
	at org.eclipse.m2e.core.internal.embedder.MavenExecutionContext.execute(MavenExecutionContext.java:339)
	at org.eclipse.m2e.core.internal.embedder.MavenExecutionContext.execute(MavenExecutionContext.java:278)
	at org.eclipse.m2e.core.ui.internal.archetype.ArchetypeCatalogFactory$RemoteCatalogFactory.getArchetypeCatalog(ArchetypeCatalogFactory.java:283)
	at org.eclipse.m2e.core.ui.internal.wizards.MavenProjectWizardArchetypePage.getArchetypesForCatalog(MavenProjectWizardArchetypePage.java:491)
	at org.eclipse.m2e.core.ui.internal.wizards.MavenProjectWizardArchetypePage.getAllArchetypes(MavenProjectWizardArchetypePage.java:522)
	at org.eclipse.m2e.core.ui.internal.wizards.MavenProjectWizardArchetypePage.getArchetypesForCatalog(MavenProjectWizardArchetypePage.java:486)
	at org.eclipse.m2e.core.ui.internal.wizards.MavenProjectWizardArchetypePage$RetrievingArchetypesJob.run(MavenProjectWizardArchetypePage.java:955)
	at org.eclipse.core.internal.jobs.Worker.run(Worker.java:63)
Caused by: java.lang.NoClassDefFoundError: Could not initialize class sun.security.ssl.SSLContextImpl$DefaultSSLContext
	at java.base/java.lang.Class.forName0(Native Method)
	at java.base/java.lang.Class.forName(Class.java:375)
	at java.base/java.security.Provider$Service.getImplClass(Provider.java:1944)
	at java.base/java.security.Provider$Service.getDefaultConstructor(Provider.java:1975)
	at java.base/java.security.Provider$Service.newInstanceOf(Provider.java:1889)
	at java.base/java.security.Provider$Service.newInstanceUtil(Provider.java:1897)
	at java.base/java.security.Provider$Service.newInstance(Provider.java:1872)
	at java.base/sun.security.jca.GetInstance.getInstance(GetInstance.java:236)
	at java.base/sun.security.jca.GetInstance.getInstance(GetInstance.java:164)
	at java.base/javax.net.ssl.SSLContext.getInstance(SSLContext.java:185)
	at java.base/javax.net.ssl.SSLContext.getDefault(SSLContext.java:110)
	at java.base/javax.net.ssl.SSLSocketFactory.getDefault(SSLSocketFactory.java:83)
	at java.base/javax.net.ssl.HttpsURLConnection.getDefaultSSLSocketFactory(HttpsURLConnection.java:336)
	at org.apache.maven.wagon.shared.http.AbstractHttpClientWagon.createConnManager(AbstractHttpClientWagon.java:384)
	at org.apache.maven.wagon.shared.http.AbstractHttpClientWagon.<clinit>(AbstractHttpClientWagon.java:310)
	at org.apache.maven.wagon.providers.http.HttpWagon$__sisu20$$FastClassByGuice$$330072669.GUICE$TRAMPOLINE(<generated>)
	at org.apache.maven.wagon.providers.http.HttpWagon$__sisu20$$FastClassByGuice$$330072669.apply(<generated>)
	at com.google.inject.internal.DefaultConstructionProxyFactory$FastClassProxy.newInstance(DefaultConstructionProxyFactory.java:82)
	at com.google.inject.internal.ConstructorInjector.provision(ConstructorInjector.java:114)
	at com.google.inject.internal.ConstructorInjector.access$000(ConstructorInjector.java:33)
	at com.google.inject.internal.ConstructorInjector$1.call(ConstructorInjector.java:98)
	at com.google.inject.internal.ProvisionListenerStackCallback$Provision.provision(ProvisionListenerStackCallback.java:109)
	at com.google.inject.internal.ProvisionListenerStackCallback$Provision.provision(ProvisionListenerStackCallback.java:124)
	at com.google.inject.internal.ProvisionListenerStackCallback.provision(ProvisionListenerStackCallback.java:66)
	at com.google.inject.internal.ConstructorInjector.construct(ConstructorInjector.java:93)
	at com.google.inject.internal.ConstructorBindingImpl$Factory.get(ConstructorBindingImpl.java:300)
	at com.google.inject.internal.InjectorImpl$1.get(InjectorImpl.java:1101)
	at com.google.inject.internal.InjectorImpl.getInstance(InjectorImpl.java:1139)
	at org.eclipse.sisu.space.AbstractDeferredClass.get(AbstractDeferredClass.java:48)
	at com.google.inject.internal.ProviderInternalFactory.provision(ProviderInternalFactory.java:86)
	at com.google.inject.internal.InternalFactoryToInitializableAdapter.provision(InternalFactoryToInitializableAdapter.java:57)
	at com.google.inject.internal.ProviderInternalFactory$1.call(ProviderInternalFactory.java:67)
	at com.google.inject.internal.ProvisionListenerStackCallback$Provision.provision(ProvisionListenerStackCallback.java:109)
	at com.google.inject.internal.ProvisionListenerStackCallback$Provision.provision(ProvisionListenerStackCallback.java:124)
	at com.google.inject.internal.ProvisionListenerStackCallback.provision(ProvisionListenerStackCallback.java:66)
	at com.google.inject.internal.ProviderInternalFactory.circularGet(ProviderInternalFactory.java:62)
	at com.google.inject.internal.InternalFactoryToInitializableAdapter.get(InternalFactoryToInitializableAdapter.java:47)
	at com.google.inject.internal.InjectorImpl$1.get(InjectorImpl.java:1101)
	... 18 common frames omitted
Caused by: java.lang.ExceptionInInitializerError: Exception java.lang.NoClassDefFoundError: Could not initialize class sun.security.ssl.SSLContextImpl$CustomizedTLSContext [in thread "Worker-2: Loading available Gradle versions"]
	at java.base/java.lang.Class.forName0(Native Method)
	at java.base/java.lang.Class.forName(Class.java:375)
	at java.base/java.security.Provider$Service.getImplClass(Provider.java:1944)
	at java.base/java.security.Provider$Service.getDefaultConstructor(Provider.java:1975)
	at java.base/java.security.Provider$Service.newInstanceOf(Provider.java:1889)
	at java.base/java.security.Provider$Service.newInstanceUtil(Provider.java:1897)
	at java.base/java.security.Provider$Service.newInstance(Provider.java:1872)
	at java.base/sun.security.jca.GetInstance.getInstance(GetInstance.java:236)
	at java.base/sun.security.jca.GetInstance.getInstance(GetInstance.java:164)
	at java.base/javax.net.ssl.SSLContext.getInstance(SSLContext.java:185)
	at java.base/javax.net.ssl.SSLContext.getDefault(SSLContext.java:110)
	at java.base/javax.net.ssl.SSLSocketFactory.getDefault(SSLSocketFactory.java:83)
	at java.base/javax.net.ssl.HttpsURLConnection.getDefaultSSLSocketFactory(HttpsURLConnection.java:336)
	at java.base/javax.net.ssl.HttpsURLConnection.<init>(HttpsURLConnection.java:292)
	at java.base/sun.net.www.protocol.https.HttpsURLConnectionImpl.<init>(HttpsURLConnectionImpl.java:81)
	at java.base/sun.net.www.protocol.https.Handler.openConnection(Handler.java:62)
	at java.base/sun.net.www.protocol.https.Handler.openConnection(Handler.java:57)
	at java.base/java.net.URL.openConnection(URL.java:1094)
	at org.eclipse.buildship.core.internal.util.gradle.PublishedGradleVersions.downloadVersionInformation(PublishedGradleVersions.java:159)
	at org.eclipse.buildship.core.internal.util.gradle.PublishedGradleVersions.tryToDownloadAndCacheVersions(PublishedGradleVersions.java:149)
	at org.eclipse.buildship.core.internal.util.gradle.PublishedGradleVersions.tryToUpdateOutdatedVersionsFile(PublishedGradleVersions.java:133)
	at org.eclipse.buildship.core.internal.util.gradle.PublishedGradleVersions.create(PublishedGradleVersions.java:117)
	at org.eclipse.buildship.core.internal.util.gradle.PublishedGradleVersionsWrapper$LoadVersionsJob.run(PublishedGradleVersionsWrapper.java:73)
	... 1 common frames omitted
2024-04-12 22:31:47,743 [Worker-11: Retrieving archetypes:] WARN  Sisu - Error injecting: org.apache.maven.wagon.providers.http.HttpWagon$__sisu20
com.google.inject.ProvisionException: Unable to provision, see the following errors:

1) [Guice/ErrorInjectingConstructor]: NoClassDefFoundError: Could not initialize class HttpWagon$__sisu20
  at HttpWagon$__sisu20.<init>(Unknown Source)
  while locating HttpWagon$__sisu20

Learn more:
  https://github.com/google/guice/wiki/ERROR_INJECTING_CONSTRUCTOR

1 error

======================
Full classname legend:
======================
HttpWagon$__sisu20:   "org.apache.maven.wagon.providers.http.HttpWagon$__sisu20"
========================
End of classname legend:
========================

	at com.google.inject.internal.InternalProvisionException.toProvisionException(InternalProvisionException.java:251)
	at com.google.inject.internal.InjectorImpl$1.get(InjectorImpl.java:1104)
	at com.google.inject.internal.InjectorImpl.getInstance(InjectorImpl.java:1139)
	at org.eclipse.sisu.space.AbstractDeferredClass.get(AbstractDeferredClass.java:48)
	at com.google.inject.internal.ProviderInternalFactory.provision(ProviderInternalFactory.java:86)
	at com.google.inject.internal.InternalFactoryToInitializableAdapter.provision(InternalFactoryToInitializableAdapter.java:57)
	at com.google.inject.internal.ProviderInternalFactory$1.call(ProviderInternalFactory.java:67)
	at com.google.inject.internal.ProvisionListenerStackCallback$Provision.provision(ProvisionListenerStackCallback.java:109)
	at com.google.inject.internal.ProvisionListenerStackCallback$Provision.provision(ProvisionListenerStackCallback.java:124)
	at com.google.inject.internal.ProvisionListenerStackCallback.provision(ProvisionListenerStackCallback.java:66)
	at com.google.inject.internal.ProviderInternalFactory.circularGet(ProviderInternalFactory.java:62)
	at com.google.inject.internal.InternalFactoryToInitializableAdapter.get(InternalFactoryToInitializableAdapter.java:47)
	at com.google.inject.internal.InjectorImpl$1.get(InjectorImpl.java:1101)
	at org.eclipse.sisu.inject.Guice4$2.get(Guice4.java:233)
	at org.eclipse.sisu.inject.LazyBeanEntry.getValue(LazyBeanEntry.java:81)
	at org.eclipse.sisu.plexus.LazyPlexusBean.getValue(LazyPlexusBean.java:51)
	at java.base/java.util.AbstractMap.get(AbstractMap.java:187)
	at org.apache.maven.archetype.source.RemoteCatalogArchetypeDataSource.getWagon(RemoteCatalogArchetypeDataSource.java:206)
	at org.apache.maven.archetype.source.RemoteCatalogArchetypeDataSource.getWagon(RemoteCatalogArchetypeDataSource.java:193)
	at org.apache.maven.archetype.source.RemoteCatalogArchetypeDataSource.downloadCatalog(RemoteCatalogArchetypeDataSource.java:159)
	at org.apache.maven.archetype.source.RemoteCatalogArchetypeDataSource.getArchetypeCatalog(RemoteCatalogArchetypeDataSource.java:129)
	at org.eclipse.m2e.core.ui.internal.archetype.ArchetypeCatalogFactory$RemoteCatalogFactory.lambda$0(ArchetypeCatalogFactory.java:290)
	at org.eclipse.m2e.core.internal.embedder.MavenExecutionContext.executeBare(MavenExecutionContext.java:458)
	at org.eclipse.m2e.core.internal.embedder.MavenExecutionContext.execute(MavenExecutionContext.java:339)
	at org.eclipse.m2e.core.internal.embedder.MavenExecutionContext.execute(MavenExecutionContext.java:278)
	at org.eclipse.m2e.core.ui.internal.archetype.ArchetypeCatalogFactory$RemoteCatalogFactory.getArchetypeCatalog(ArchetypeCatalogFactory.java:283)
	at org.eclipse.m2e.core.ui.internal.wizards.MavenProjectWizardArchetypePage.getArchetypesForCatalog(MavenProjectWizardArchetypePage.java:491)
	at org.eclipse.m2e.core.ui.internal.wizards.MavenProjectWizardArchetypePage.getAllArchetypes(MavenProjectWizardArchetypePage.java:522)
	at org.eclipse.m2e.core.ui.internal.wizards.MavenProjectWizardArchetypePage.getArchetypesForCatalog(MavenProjectWizardArchetypePage.java:486)
	at org.eclipse.m2e.core.ui.internal.wizards.MavenProjectWizardArchetypePage$RetrievingArchetypesJob.run(MavenProjectWizardArchetypePage.java:955)
	at org.eclipse.core.internal.jobs.Worker.run(Worker.java:63)
Caused by: java.lang.NoClassDefFoundError: Could not initialize class org.apache.maven.wagon.providers.http.HttpWagon$__sisu20
	at org.apache.maven.wagon.providers.http.HttpWagon$__sisu20$$FastClassByGuice$$330072669.GUICE$TRAMPOLINE(<generated>)
	at org.apache.maven.wagon.providers.http.HttpWagon$__sisu20$$FastClassByGuice$$330072669.apply(<generated>)
	at com.google.inject.internal.DefaultConstructionProxyFactory$FastClassProxy.newInstance(DefaultConstructionProxyFactory.java:82)
	at com.google.inject.internal.ConstructorInjector.provision(ConstructorInjector.java:114)
	at com.google.inject.internal.ConstructorInjector.access$000(ConstructorInjector.java:33)
	at com.google.inject.internal.ConstructorInjector$1.call(ConstructorInjector.java:98)
	at com.google.inject.internal.ProvisionListenerStackCallback$Provision.provision(ProvisionListenerStackCallback.java:109)
	at com.google.inject.internal.ProvisionListenerStackCallback$Provision.provision(ProvisionListenerStackCallback.java:124)
	at com.google.inject.internal.ProvisionListenerStackCallback.provision(ProvisionListenerStackCallback.java:66)
	at com.google.inject.internal.ConstructorInjector.construct(ConstructorInjector.java:93)
	at com.google.inject.internal.ConstructorBindingImpl$Factory.get(ConstructorBindingImpl.java:300)
	at com.google.inject.internal.InjectorImpl$1.get(InjectorImpl.java:1101)
	... 29 common frames omitted
Caused by: java.lang.ExceptionInInitializerError: Exception java.lang.NoClassDefFoundError: Could not initialize class sun.security.ssl.SSLContextImpl$DefaultSSLContext [in thread "Worker-12: Retrieving archetypes:"]
	at java.base/java.lang.Class.forName0(Native Method)
	at java.base/java.lang.Class.forName(Class.java:375)
	at java.base/java.security.Provider$Service.getImplClass(Provider.java:1944)
	at java.base/java.security.Provider$Service.getDefaultConstructor(Provider.java:1975)
	at java.base/java.security.Provider$Service.newInstanceOf(Provider.java:1889)
	at java.base/java.security.Provider$Service.newInstanceUtil(Provider.java:1897)
	at java.base/java.security.Provider$Service.newInstance(Provider.java:1872)
	at java.base/sun.security.jca.GetInstance.getInstance(GetInstance.java:236)
	at java.base/sun.security.jca.GetInstance.getInstance(GetInstance.java:164)
	at java.base/javax.net.ssl.SSLContext.getInstance(SSLContext.java:185)
	at java.base/javax.net.ssl.SSLContext.getDefault(SSLContext.java:110)
	at java.base/javax.net.ssl.SSLSocketFactory.getDefault(SSLSocketFactory.java:83)
	at java.base/javax.net.ssl.HttpsURLConnection.getDefaultSSLSocketFactory(HttpsURLConnection.java:336)
	at org.apache.maven.wagon.shared.http.AbstractHttpClientWagon.createConnManager(AbstractHttpClientWagon.java:384)
	at org.apache.maven.wagon.shared.http.AbstractHttpClientWagon.<clinit>(AbstractHttpClientWagon.java:310)
	... 41 common frames omitted
2024-04-12 22:31:47,749 [Worker-11: Retrieving archetypes:] ERROR o.e.m.c.u.i.w.MavenProjectWizardArchetypePage - Unable to read archetype catalog: https://repo1.maven.org/maven2/archetype-catalog.xml
com.google.inject.ProvisionException: Unable to provision, see the following errors:

1) [Guice/ErrorInjectingConstructor]: NoClassDefFoundError: Could not initialize class HttpWagon$__sisu20
  at HttpWagon$__sisu20.<init>(Unknown Source)
  while locating HttpWagon$__sisu20
  at ClassRealm[plexus.core, parent: null]
      \_ installed by: WireModule -> PlexusBindingModule
  while locating Wagon annotated with @Named("https")

Learn more:
  https://github.com/google/guice/wiki/ERROR_INJECTING_CONSTRUCTOR

1 error

======================
Full classname legend:
======================
HttpWagon$__sisu20:   "org.apache.maven.wagon.providers.http.HttpWagon$__sisu20"
Named:                "com.google.inject.name.Named"
PlexusBindingModule:  "org.eclipse.sisu.plexus.PlexusBindingModule"
Wagon:                "org.apache.maven.wagon.Wagon"
WireModule:           "org.eclipse.sisu.wire.WireModule"
========================
End of classname legend:
========================

	at com.google.inject.internal.InternalProvisionException.toProvisionException(InternalProvisionException.java:251)
	at com.google.inject.internal.InjectorImpl$1.get(InjectorImpl.java:1104)
	at org.eclipse.sisu.inject.Guice4$2.get(Guice4.java:233)
	at org.eclipse.sisu.inject.LazyBeanEntry.getValue(LazyBeanEntry.java:81)
	at org.eclipse.sisu.plexus.LazyPlexusBean.getValue(LazyPlexusBean.java:51)
	at java.base/java.util.AbstractMap.get(AbstractMap.java:187)
	at org.apache.maven.archetype.source.RemoteCatalogArchetypeDataSource.getWagon(RemoteCatalogArchetypeDataSource.java:206)
	at org.apache.maven.archetype.source.RemoteCatalogArchetypeDataSource.getWagon(RemoteCatalogArchetypeDataSource.java:193)
	at org.apache.maven.archetype.source.RemoteCatalogArchetypeDataSource.downloadCatalog(RemoteCatalogArchetypeDataSource.java:159)
	at org.apache.maven.archetype.source.RemoteCatalogArchetypeDataSource.getArchetypeCatalog(RemoteCatalogArchetypeDataSource.java:129)
	at org.eclipse.m2e.core.ui.internal.archetype.ArchetypeCatalogFactory$RemoteCatalogFactory.lambda$0(ArchetypeCatalogFactory.java:290)
	at org.eclipse.m2e.core.internal.embedder.MavenExecutionContext.executeBare(MavenExecutionContext.java:458)
	at org.eclipse.m2e.core.internal.embedder.MavenExecutionContext.execute(MavenExecutionContext.java:339)
	at org.eclipse.m2e.core.internal.embedder.MavenExecutionContext.execute(MavenExecutionContext.java:278)
	at org.eclipse.m2e.core.ui.internal.archetype.ArchetypeCatalogFactory$RemoteCatalogFactory.getArchetypeCatalog(ArchetypeCatalogFactory.java:283)
	at org.eclipse.m2e.core.ui.internal.wizards.MavenProjectWizardArchetypePage.getArchetypesForCatalog(MavenProjectWizardArchetypePage.java:491)
	at org.eclipse.m2e.core.ui.internal.wizards.MavenProjectWizardArchetypePage.getAllArchetypes(MavenProjectWizardArchetypePage.java:522)
	at org.eclipse.m2e.core.ui.internal.wizards.MavenProjectWizardArchetypePage.getArchetypesForCatalog(MavenProjectWizardArchetypePage.java:486)
	at org.eclipse.m2e.core.ui.internal.wizards.MavenProjectWizardArchetypePage$RetrievingArchetypesJob.run(MavenProjectWizardArchetypePage.java:955)
	at org.eclipse.core.internal.jobs.Worker.run(Worker.java:63)
Caused by: java.lang.NoClassDefFoundError: Could not initialize class org.apache.maven.wagon.providers.http.HttpWagon$__sisu20
	at org.apache.maven.wagon.providers.http.HttpWagon$__sisu20$$FastClassByGuice$$330072669.GUICE$TRAMPOLINE(<generated>)
	at org.apache.maven.wagon.providers.http.HttpWagon$__sisu20$$FastClassByGuice$$330072669.apply(<generated>)
	at com.google.inject.internal.DefaultConstructionProxyFactory$FastClassProxy.newInstance(DefaultConstructionProxyFactory.java:82)
	at com.google.inject.internal.ConstructorInjector.provision(ConstructorInjector.java:114)
	at com.google.inject.internal.ConstructorInjector.access$000(ConstructorInjector.java:33)
	at com.google.inject.internal.ConstructorInjector$1.call(ConstructorInjector.java:98)
	at com.google.inject.internal.ProvisionListenerStackCallback$Provision.provision(ProvisionListenerStackCallback.java:109)
	at com.google.inject.internal.ProvisionListenerStackCallback$Provision.provision(ProvisionListenerStackCallback.java:124)
	at com.google.inject.internal.ProvisionListenerStackCallback.provision(ProvisionListenerStackCallback.java:66)
	at com.google.inject.internal.ConstructorInjector.construct(ConstructorInjector.java:93)
	at com.google.inject.internal.ConstructorBindingImpl$Factory.get(ConstructorBindingImpl.java:300)
	at com.google.inject.internal.InjectorImpl$1.get(InjectorImpl.java:1101)
	at com.google.inject.internal.InjectorImpl.getInstance(InjectorImpl.java:1139)
	at org.eclipse.sisu.space.AbstractDeferredClass.get(AbstractDeferredClass.java:48)
	at com.google.inject.internal.ProviderInternalFactory.provision(ProviderInternalFactory.java:86)
	at com.google.inject.internal.InternalFactoryToInitializableAdapter.provision(InternalFactoryToInitializableAdapter.java:57)
	at com.google.inject.internal.ProviderInternalFactory$1.call(ProviderInternalFactory.java:67)
	at com.google.inject.internal.ProvisionListenerStackCallback$Provision.provision(ProvisionListenerStackCallback.java:109)
	at com.google.inject.internal.ProvisionListenerStackCallback$Provision.provision(ProvisionListenerStackCallback.java:124)
	at com.google.inject.internal.ProvisionListenerStackCallback.provision(ProvisionListenerStackCallback.java:66)
	at com.google.inject.internal.ProviderInternalFactory.circularGet(ProviderInternalFactory.java:62)
	at com.google.inject.internal.InternalFactoryToInitializableAdapter.get(InternalFactoryToInitializableAdapter.java:47)
	at com.google.inject.internal.InjectorImpl$1.get(InjectorImpl.java:1101)
	... 18 common frames omitted
Caused by: java.lang.ExceptionInInitializerError: Exception java.lang.NoClassDefFoundError: Could not initialize class sun.security.ssl.SSLContextImpl$DefaultSSLContext [in thread "Worker-12: Retrieving archetypes:"]
	at java.base/java.lang.Class.forName0(Native Method)
	at java.base/java.lang.Class.forName(Class.java:375)
	at java.base/java.security.Provider$Service.getImplClass(Provider.java:1944)
	at java.base/java.security.Provider$Service.getDefaultConstructor(Provider.java:1975)
	at java.base/java.security.Provider$Service.newInstanceOf(Provider.java:1889)
	at java.base/java.security.Provider$Service.newInstanceUtil(Provider.java:1897)
	at java.base/java.security.Provider$Service.newInstance(Provider.java:1872)
	at java.base/sun.security.jca.GetInstance.getInstance(GetInstance.java:236)
	at java.base/sun.security.jca.GetInstance.getInstance(GetInstance.java:164)
	at java.base/javax.net.ssl.SSLContext.getInstance(SSLContext.java:185)
	at java.base/javax.net.ssl.SSLContext.getDefault(SSLContext.java:110)
	at java.base/javax.net.ssl.SSLSocketFactory.getDefault(SSLSocketFactory.java:83)
	at java.base/javax.net.ssl.HttpsURLConnection.getDefaultSSLSocketFactory(HttpsURLConnection.java:336)
	at org.apache.maven.wagon.shared.http.AbstractHttpClientWagon.createConnManager(AbstractHttpClientWagon.java:384)
	at org.apache.maven.wagon.shared.http.AbstractHttpClientWagon.<clinit>(AbstractHttpClientWagon.java:310)
	... 41 common frames omitted
2024-04-12 22:31:50,664 [main] ERROR o.e.m.c.u.i.w.MavenProjectWizardArchetypeParametersPage - Error downloading archetype org.apache.maven.archetypes:maven-archetype-quickstart:1.1
java.lang.reflect.InvocationTargetException: null
	at org.eclipse.jface.operation.ModalContext.run(ModalContext.java:396)
	at org.eclipse.jface.wizard.WizardDialog.run(WizardDialog.java:1036)
	at org.eclipse.m2e.core.ui.internal.wizards.MavenProjectWizardArchetypeParametersPage.loadArchetypeDescriptor(MavenProjectWizardArchetypeParametersPage.java:420)
	at org.eclipse.m2e.core.ui.internal.wizards.MavenProjectWizardArchetypeParametersPage.setVisible(MavenProjectWizardArchetypeParametersPage.java:582)
	at org.eclipse.jface.wizard.WizardDialog.updateForPage(WizardDialog.java:1253)
	at org.eclipse.jface.wizard.WizardDialog.lambda$3(WizardDialog.java:1225)
	at org.eclipse.swt.custom.BusyIndicator.showWhile(BusyIndicator.java:67)
	at org.eclipse.jface.wizard.WizardDialog.showPage(WizardDialog.java:1225)
	at org.eclipse.jface.wizard.WizardDialog.nextPressed(WizardDialog.java:922)
	at org.eclipse.jface.wizard.WizardDialog.buttonPressed(WizardDialog.java:470)
	at org.eclipse.jface.dialogs.Dialog.lambda$0(Dialog.java:619)
	at org.eclipse.swt.events.SelectionListener$1.widgetSelected(SelectionListener.java:84)
	at org.eclipse.swt.widgets.TypedListener.handleEvent(TypedListener.java:252)
	at org.eclipse.swt.widgets.EventTable.sendEvent(EventTable.java:89)
	at org.eclipse.swt.widgets.Display.sendEvent(Display.java:4274)
	at org.eclipse.swt.widgets.Widget.sendEvent(Widget.java:1066)
	at org.eclipse.swt.widgets.Display.runDeferredEvents(Display.java:4072)
	at org.eclipse.swt.widgets.Display.readAndDispatch(Display.java:3660)
	at org.eclipse.jface.window.Window.runEventLoop(Window.java:823)
	at org.eclipse.jface.window.Window.open(Window.java:799)
	at org.eclipse.ui.internal.navigator.wizards.WizardShortcutAction.run(WizardShortcutAction.java:101)
	at org.eclipse.ui.internal.views.helpers.EmptyWorkspaceHelper$1.linkActivated(EmptyWorkspaceHelper.java:283)
	at org.eclipse.ui.forms.widgets.AbstractHyperlink.handleActivate(AbstractHyperlink.java:215)
	at org.eclipse.ui.forms.widgets.AbstractHyperlink.handleMouseUp(AbstractHyperlink.java:309)
	at org.eclipse.ui.forms.widgets.AbstractHyperlink.lambda$3(AbstractHyperlink.java:117)
	at org.eclipse.swt.widgets.EventTable.sendEvent(EventTable.java:89)
	at org.eclipse.swt.widgets.Display.sendEvent(Display.java:4274)
	at org.eclipse.swt.widgets.Widget.sendEvent(Widget.java:1066)
	at org.eclipse.swt.widgets.Display.runDeferredEvents(Display.java:4072)
	at org.eclipse.swt.widgets.Display.readAndDispatch(Display.java:3660)
	at org.eclipse.e4.ui.internal.workbench.swt.PartRenderingEngine$5.run(PartRenderingEngine.java:1151)
	at org.eclipse.core.databinding.observable.Realm.runWithDefault(Realm.java:339)
	at org.eclipse.e4.ui.internal.workbench.swt.PartRenderingEngine.run(PartRenderingEngine.java:1042)
	at org.eclipse.e4.ui.internal.workbench.E4Workbench.createAndRunUI(E4Workbench.java:152)
	at org.eclipse.ui.internal.Workbench.lambda$3(Workbench.java:639)
	at org.eclipse.core.databinding.observable.Realm.runWithDefault(Realm.java:339)
	at org.eclipse.ui.internal.Workbench.createAndRunWorkbench(Workbench.java:546)
	at org.eclipse.ui.PlatformUI.createAndRunWorkbench(PlatformUI.java:173)
	at org.eclipse.ui.internal.ide.application.IDEApplication.start(IDEApplication.java:152)
	at org.eclipse.equinox.internal.app.EclipseAppHandle.run(EclipseAppHandle.java:208)
	at org.eclipse.core.runtime.internal.adaptor.EclipseAppLauncher.runApplication(EclipseAppLauncher.java:143)
	at org.eclipse.core.runtime.internal.adaptor.EclipseAppLauncher.start(EclipseAppLauncher.java:109)
	at org.eclipse.core.runtime.adaptor.EclipseStarter.run(EclipseStarter.java:439)
	at org.eclipse.core.runtime.adaptor.EclipseStarter.run(EclipseStarter.java:271)
	at java.base/jdk.internal.reflect.NativeMethodAccessorImpl.invoke0(Native Method)
	at java.base/jdk.internal.reflect.NativeMethodAccessorImpl.invoke(NativeMethodAccessorImpl.java:77)
	at java.base/jdk.internal.reflect.DelegatingMethodAccessorImpl.invoke(DelegatingMethodAccessorImpl.java:43)
	at java.base/java.lang.reflect.Method.invoke(Method.java:568)
	at org.eclipse.equinox.launcher.Main.invokeFramework(Main.java:651)
	at org.eclipse.equinox.launcher.Main.basicRun(Main.java:588)
	at org.eclipse.equinox.launcher.Main.run(Main.java:1459)
Caused by: java.lang.NoClassDefFoundError: Could not initialize class sun.security.ssl.SSLContextImpl$DefaultSSLContext
	at java.base/java.lang.Class.forName0(Native Method)
	at java.base/java.lang.Class.forName(Class.java:375)
	at java.base/java.security.Provider$Service.getImplClass(Provider.java:1944)
	at java.base/java.security.Provider$Service.getDefaultConstructor(Provider.java:1975)
	at java.base/java.security.Provider$Service.newInstanceOf(Provider.java:1889)
	at java.base/java.security.Provider$Service.newInstanceUtil(Provider.java:1897)
	at java.base/java.security.Provider$Service.newInstance(Provider.java:1872)
	at java.base/sun.security.jca.GetInstance.getInstance(GetInstance.java:236)
	at java.base/sun.security.jca.GetInstance.getInstance(GetInstance.java:164)
	at java.base/javax.net.ssl.SSLContext.getInstance(SSLContext.java:185)
	at java.base/javax.net.ssl.SSLContext.getDefault(SSLContext.java:110)
	at java.base/javax.net.ssl.SSLSocketFactory.getDefault(SSLSocketFactory.java:83)
	at org.eclipse.aether.transport.http.GlobalState.newConnectionManager(GlobalState.java:166)
	at java.base/java.util.concurrent.ConcurrentHashMap.computeIfAbsent(ConcurrentHashMap.java:1708)
	at org.eclipse.aether.transport.http.GlobalState.getConnectionManager(GlobalState.java:145)
	at org.eclipse.aether.transport.http.LocalState.<init>(LocalState.java:62)
	at org.eclipse.aether.transport.http.HttpTransporter.<init>(HttpTransporter.java:197)
	at org.eclipse.aether.transport.http.HttpTransporterFactory.newInstance(HttpTransporterFactory.java:95)
	at org.eclipse.aether.internal.impl.DefaultTransporterProvider.newTransporter(DefaultTransporterProvider.java:94)
	at org.eclipse.aether.connector.basic.BasicRepositoryConnector.<init>(BasicRepositoryConnector.java:128)
	at org.eclipse.aether.connector.basic.BasicRepositoryConnectorFactory.newInstance(BasicRepositoryConnectorFactory.java:172)
	at org.eclipse.aether.internal.impl.DefaultRepositoryConnectorProvider.newRepositoryConnector(DefaultRepositoryConnectorProvider.java:122)
	at org.eclipse.aether.internal.impl.DefaultArtifactResolver.performDownloads(DefaultArtifactResolver.java:536)
	at org.eclipse.aether.internal.impl.DefaultArtifactResolver.resolve(DefaultArtifactResolver.java:449)
	at org.eclipse.aether.internal.impl.DefaultArtifactResolver.resolveArtifacts(DefaultArtifactResolver.java:261)
	at org.eclipse.aether.internal.impl.DefaultArtifactResolver.resolveArtifact(DefaultArtifactResolver.java:243)
	at org.apache.maven.repository.internal.DefaultArtifactDescriptorReader.loadPom(DefaultArtifactDescriptorReader.java:234)
	at org.apache.maven.repository.internal.DefaultArtifactDescriptorReader.readArtifactDescriptor(DefaultArtifactDescriptorReader.java:175)
	at org.eclipse.aether.internal.impl.DefaultRepositorySystem.readArtifactDescriptor(DefaultRepositorySystem.java:269)
	at org.apache.maven.shared.transfer.artifact.resolve.internal.Maven31ArtifactResolver.resolveArtifact(Maven31ArtifactResolver.java:93)
	at org.apache.maven.shared.transfer.artifact.resolve.internal.Maven31ArtifactResolver.resolveArtifact(Maven31ArtifactResolver.java:78)
	at org.apache.maven.shared.transfer.artifact.resolve.internal.DefaultArtifactResolver.resolveArtifact(DefaultArtifactResolver.java:70)
	at org.apache.maven.archetype.downloader.DefaultDownloader.download(DefaultDownloader.java:80)
	at org.apache.maven.archetype.common.DefaultArchetypeArtifactManager.getArchetypeFile(DefaultArchetypeArtifactManager.java:82)
	at org.apache.maven.archetype.common.DefaultArchetypeArtifactManager.isFileSetArchetype(DefaultArchetypeArtifactManager.java:190)
	at org.eclipse.m2e.core.ui.internal.archetype.ArchetypePlugin.lambda$1(ArchetypePlugin.java:226)
	at org.eclipse.m2e.core.internal.embedder.MavenExecutionContext.executeBare(MavenExecutionContext.java:458)
	at org.eclipse.m2e.core.internal.embedder.MavenExecutionContext.execute(MavenExecutionContext.java:339)
	at org.eclipse.m2e.core.internal.embedder.MavenExecutionContext.execute(MavenExecutionContext.java:278)
	at org.eclipse.m2e.core.ui.internal.archetype.ArchetypePlugin.getRequiredProperties(ArchetypePlugin.java:224)
	at org.eclipse.m2e.core.ui.internal.wizards.MavenProjectWizardArchetypeParametersPage$RequiredPropertiesLoader.run(MavenProjectWizardArchetypeParametersPage.java:478)
	at org.eclipse.jface.operation.ModalContext$ModalContextThread.run(ModalContext.java:124)
Caused by: java.lang.ExceptionInInitializerError: Exception java.lang.NoClassDefFoundError: Could not initialize class sun.security.ssl.SSLContextImpl$CustomizedTLSContext [in thread "Worker-2: Loading available Gradle versions"]
	at java.base/java.lang.Class.forName0(Native Method)
	at java.base/java.lang.Class.forName(Class.java:375)
	at java.base/java.security.Provider$Service.getImplClass(Provider.java:1944)
	at java.base/java.security.Provider$Service.getDefaultConstructor(Provider.java:1975)
	at java.base/java.security.Provider$Service.newInstanceOf(Provider.java:1889)
	at java.base/java.security.Provider$Service.newInstanceUtil(Provider.java:1897)
	at java.base/java.security.Provider$Service.newInstance(Provider.java:1872)
	at java.base/sun.security.jca.GetInstance.getInstance(GetInstance.java:236)
	at java.base/sun.security.jca.GetInstance.getInstance(GetInstance.java:164)
	at java.base/javax.net.ssl.SSLContext.getInstance(SSLContext.java:185)
	at java.base/javax.net.ssl.SSLContext.getDefault(SSLContext.java:110)
	at java.base/javax.net.ssl.SSLSocketFactory.getDefault(SSLSocketFactory.java:83)
	at java.base/javax.net.ssl.HttpsURLConnection.getDefaultSSLSocketFactory(HttpsURLConnection.java:336)
	at java.base/javax.net.ssl.HttpsURLConnection.<init>(HttpsURLConnection.java:292)
	at java.base/sun.net.www.protocol.https.HttpsURLConnectionImpl.<init>(HttpsURLConnectionImpl.java:81)
	at java.base/sun.net.www.protocol.https.Handler.openConnection(Handler.java:62)
	at java.base/sun.net.www.protocol.https.Handler.openConnection(Handler.java:57)
	at java.base/java.net.URL.openConnection(URL.java:1094)
	at org.eclipse.buildship.core.internal.util.gradle.PublishedGradleVersions.downloadVersionInformation(PublishedGradleVersions.java:159)
	at org.eclipse.buildship.core.internal.util.gradle.PublishedGradleVersions.tryToDownloadAndCacheVersions(PublishedGradleVersions.java:149)
	at org.eclipse.buildship.core.internal.util.gradle.PublishedGradleVersions.tryToUpdateOutdatedVersionsFile(PublishedGradleVersions.java:133)
	at org.eclipse.buildship.core.internal.util.gradle.PublishedGradleVersions.create(PublishedGradleVersions.java:117)
	at org.eclipse.buildship.core.internal.util.gradle.PublishedGradleVersionsWrapper$LoadVersionsJob.run(PublishedGradleVersionsWrapper.java:73)
	at org.eclipse.core.internal.jobs.Worker.run(Worker.java:63)
2024-04-12 22:32:56,460 [Worker-16: Importing Maven projects] INFO  o.e.m.c.i.l.LifecycleMappingFactory - Using org.eclipse.m2e.jdt.JarLifecycleMapping lifecycle mapping for MavenProject: com.santander:treino:0.0.1-SNAPSHOT @ C:\Users\Carlo\ProjetosSpring\treino\pom.xml.
2024-04-12 22:32:58,091 [Worker-16: Importing Maven projects] INFO  o.e.m.j.i.AbstractJavaProjectConfigurator - Adding source folder /treino/src/main/java
2024-04-12 22:32:58,097 [Worker-16: Importing Maven projects] INFO  o.e.m.j.i.AbstractJavaProjectConfigurator - Adding resource folder /treino/src/main/resources
2024-04-12 22:32:58,100 [Worker-16: Importing Maven projects] INFO  o.e.m.j.i.AbstractJavaProjectConfigurator - Adding resource folder /treino/src/main/resources
2024-04-12 22:32:58,102 [Worker-16: Importing Maven projects] INFO  o.e.m.j.i.AbstractJavaProjectConfigurator - Adding source folder /treino/src/test/java
2024-04-12 22:32:58,105 [Worker-16: Importing Maven projects] INFO  o.e.m.j.i.AbstractJavaProjectConfigurator - Adding resource folder /treino/src/test/resources
2024-04-12 22:32:58,790 [Worker-16: Importing Maven projects] INFO  o.e.m.c.i.p.ProjectConfigurationManager - Imported and configured 1 project(s) in 5 sec
2024-04-12 22:32:59,437 [Worker-17: Building] INFO  o.a.m.s.f.DefaultMavenResourcesFiltering - Copying 1 resource from src\main\resources to target\classes
2024-04-12 22:32:59,466 [Worker-17: Building] INFO  o.a.m.s.f.DefaultMavenResourcesFiltering - Copying 0 resource from src\main\resources to target\classes
2024-04-12 22:32:59,474 [Worker-17: Building] INFO  o.a.m.s.f.DefaultMavenResourcesFiltering - skip non existing resourceDirectory C:\Users\Carlo\ProjetosSpring\treino\src\test\resources
2024-04-15 21:43:43,709 [Worker-4: Loading available Gradle versions] INFO  o.e.b.c.i.u.g.PublishedGradleVersions - Gradle version information cache is out-of-date. Trying to update.
2024-04-15 21:44:27,675 [Worker-5: Download sources and javadoc] INFO  o.e.m.c.i.e.AbstractTransferListenerAdapter - Downloading https://repo.maven.apache.org/maven2/org/springframework/boot/spring-boot-starter-web/3.2.4/spring-boot-starter-web-3.2.4-sources.jar
2024-04-15 21:44:27,790 [Worker-5: Download sources and javadoc] INFO  o.e.m.c.i.e.AbstractTransferListenerAdapter - Downloaded https://repo.maven.apache.org/maven2/org/springframework/boot/spring-boot-starter-web/3.2.4/spring-boot-starter-web-3.2.4-sources.jar
2024-04-15 21:44:27,806 [Worker-5: Download sources and javadoc] INFO  o.e.m.j.internal.DownloadSourcesJob - Downloaded sources for org.springframework.boot:spring-boot-starter-web:3.2.4
2024-04-15 21:44:27,861 [Worker-5: Download sources and javadoc] INFO  o.e.m.c.i.e.AbstractTransferListenerAdapter - Downloading https://repo.maven.apache.org/maven2/org/springframework/boot/spring-boot-starter/3.2.4/spring-boot-starter-3.2.4-sources.jar
2024-04-15 21:44:27,937 [Worker-5: Download sources and javadoc] INFO  o.e.m.c.i.e.AbstractTransferListenerAdapter - Downloaded https://repo.maven.apache.org/maven2/org/springframework/boot/spring-boot-starter/3.2.4/spring-boot-starter-3.2.4-sources.jar
2024-04-15 21:44:27,948 [Worker-5: Download sources and javadoc] INFO  o.e.m.j.internal.DownloadSourcesJob - Downloaded sources for org.springframework.boot:spring-boot-starter:3.2.4
2024-04-15 21:44:28,075 [Worker-5: Download sources and javadoc] INFO  o.e.m.c.i.e.AbstractTransferListenerAdapter - Downloading https://repo.maven.apache.org/maven2/org/springframework/boot/spring-boot/3.2.4/spring-boot-3.2.4-sources.jar
2024-04-15 21:44:28,367 [Worker-5: Download sources and javadoc] INFO  o.e.m.c.i.e.AbstractTransferListenerAdapter - Downloaded https://repo.maven.apache.org/maven2/org/springframework/boot/spring-boot/3.2.4/spring-boot-3.2.4-sources.jar
2024-04-15 21:44:28,380 [Worker-5: Download sources and javadoc] INFO  o.e.m.j.internal.DownloadSourcesJob - Downloaded sources for org.springframework.boot:spring-boot:3.2.4
2024-04-15 21:44:28,435 [Worker-5: Download sources and javadoc] INFO  o.e.m.c.i.e.AbstractTransferListenerAdapter - Downloading https://repo.maven.apache.org/maven2/org/springframework/boot/spring-boot-autoconfigure/3.2.4/spring-boot-autoconfigure-3.2.4-sources.jar
2024-04-15 21:44:28,570 [Worker-5: Download sources and javadoc] INFO  o.e.m.c.i.e.AbstractTransferListenerAdapter - Downloaded https://repo.maven.apache.org/maven2/org/springframework/boot/spring-boot-autoconfigure/3.2.4/spring-boot-autoconfigure-3.2.4-sources.jar
2024-04-15 21:44:28,578 [Worker-5: Download sources and javadoc] INFO  o.e.m.j.internal.DownloadSourcesJob - Downloaded sources for org.springframework.boot:spring-boot-autoconfigure:3.2.4
2024-04-15 21:44:28,622 [Worker-5: Download sources and javadoc] INFO  o.e.m.c.i.e.AbstractTransferListenerAdapter - Downloading https://repo.maven.apache.org/maven2/org/springframework/boot/spring-boot-starter-logging/3.2.4/spring-boot-starter-logging-3.2.4-sources.jar
2024-04-15 21:44:28,684 [Worker-5: Download sources and javadoc] INFO  o.e.m.c.i.e.AbstractTransferListenerAdapter - Downloaded https://repo.maven.apache.org/maven2/org/springframework/boot/spring-boot-starter-logging/3.2.4/spring-boot-starter-logging-3.2.4-sources.jar
2024-04-15 21:44:28,692 [Worker-5: Download sources and javadoc] INFO  o.e.m.j.internal.DownloadSourcesJob - Downloaded sources for org.springframework.boot:spring-boot-starter-logging:3.2.4
2024-04-15 21:44:28,748 [Worker-5: Download sources and javadoc] INFO  o.e.m.c.i.e.AbstractTransferListenerAdapter - Downloading https://repo.maven.apache.org/maven2/ch/qos/logback/logback-classic/1.4.14/logback-classic-1.4.14-sources.jar
2024-04-15 21:44:28,839 [Worker-5: Download sources and javadoc] INFO  o.e.m.c.i.e.AbstractTransferListenerAdapter - Downloaded https://repo.maven.apache.org/maven2/ch/qos/logback/logback-classic/1.4.14/logback-classic-1.4.14-sources.jar
2024-04-15 21:44:28,852 [Worker-5: Download sources and javadoc] INFO  o.e.m.j.internal.DownloadSourcesJob - Downloaded sources for ch.qos.logback:logback-classic:1.4.14
2024-04-15 21:44:28,927 [Worker-5: Download sources and javadoc] INFO  o.e.m.c.i.e.AbstractTransferListenerAdapter - Downloading https://repo.maven.apache.org/maven2/ch/qos/logback/logback-core/1.4.14/logback-core-1.4.14-sources.jar
2024-04-15 21:44:29,116 [Worker-5: Download sources and javadoc] INFO  o.e.m.c.i.e.AbstractTransferListenerAdapter - Downloaded https://repo.maven.apache.org/maven2/ch/qos/logback/logback-core/1.4.14/logback-core-1.4.14-sources.jar
2024-04-15 21:44:29,140 [Worker-5: Download sources and javadoc] INFO  o.e.m.j.internal.DownloadSourcesJob - Downloaded sources for ch.qos.logback:logback-core:1.4.14
2024-04-15 21:44:29,232 [Worker-5: Download sources and javadoc] INFO  o.e.m.c.i.e.AbstractTransferListenerAdapter - Downloading https://repo.maven.apache.org/maven2/org/apache/logging/log4j/log4j-to-slf4j/2.21.1/log4j-to-slf4j-2.21.1-sources.jar
2024-04-15 21:44:29,705 [Worker-5: Download sources and javadoc] INFO  o.e.m.c.i.e.AbstractTransferListenerAdapter - Downloaded https://repo.maven.apache.org/maven2/org/apache/logging/log4j/log4j-to-slf4j/2.21.1/log4j-to-slf4j-2.21.1-sources.jar
2024-04-15 21:44:29,715 [Worker-5: Download sources and javadoc] INFO  o.e.m.j.internal.DownloadSourcesJob - Downloaded sources for org.apache.logging.log4j:log4j-to-slf4j:2.21.1
2024-04-15 21:44:29,780 [Worker-5: Download sources and javadoc] INFO  o.e.m.c.i.e.AbstractTransferListenerAdapter - Downloading https://repo.maven.apache.org/maven2/org/apache/logging/log4j/log4j-api/2.21.1/log4j-api-2.21.1-sources.jar
2024-04-15 21:44:29,876 [Worker-5: Download sources and javadoc] INFO  o.e.m.c.i.e.AbstractTransferListenerAdapter - Downloaded https://repo.maven.apache.org/maven2/org/apache/logging/log4j/log4j-api/2.21.1/log4j-api-2.21.1-sources.jar
2024-04-15 21:44:29,886 [Worker-5: Download sources and javadoc] INFO  o.e.m.j.internal.DownloadSourcesJob - Downloaded sources for org.apache.logging.log4j:log4j-api:2.21.1
2024-04-15 21:44:29,945 [Worker-5: Download sources and javadoc] INFO  o.e.m.c.i.e.AbstractTransferListenerAdapter - Downloading https://repo.maven.apache.org/maven2/org/slf4j/jul-to-slf4j/2.0.12/jul-to-slf4j-2.0.12-sources.jar
2024-04-15 21:44:30,052 [Worker-5: Download sources and javadoc] INFO  o.e.m.c.i.e.AbstractTransferListenerAdapter - Downloaded https://repo.maven.apache.org/maven2/org/slf4j/jul-to-slf4j/2.0.12/jul-to-slf4j-2.0.12-sources.jar
2024-04-15 21:44:30,062 [Worker-5: Download sources and javadoc] INFO  o.e.m.j.internal.DownloadSourcesJob - Downloaded sources for org.slf4j:jul-to-slf4j:2.0.12
2024-04-15 21:44:30,123 [Worker-5: Download sources and javadoc] INFO  o.e.m.c.i.e.AbstractTransferListenerAdapter - Downloading https://repo.maven.apache.org/maven2/jakarta/annotation/jakarta.annotation-api/2.1.1/jakarta.annotation-api-2.1.1-sources.jar
2024-04-15 21:44:30,816 [Worker-5: Download sources and javadoc] INFO  o.e.m.c.i.e.AbstractTransferListenerAdapter - Downloaded https://repo.maven.apache.org/maven2/jakarta/annotation/jakarta.annotation-api/2.1.1/jakarta.annotation-api-2.1.1-sources.jar
2024-04-15 21:44:30,828 [Worker-5: Download sources and javadoc] INFO  o.e.m.j.internal.DownloadSourcesJob - Downloaded sources for jakarta.annotation:jakarta.annotation-api:2.1.1
2024-04-15 21:44:30,931 [Worker-5: Download sources and javadoc] INFO  o.e.m.c.i.e.AbstractTransferListenerAdapter - Downloading https://repo.maven.apache.org/maven2/org/yaml/snakeyaml/2.2/snakeyaml-2.2-sources.jar
2024-04-15 21:44:31,045 [Worker-5: Download sources and javadoc] INFO  o.e.m.c.i.e.AbstractTransferListenerAdapter - Downloaded https://repo.maven.apache.org/maven2/org/yaml/snakeyaml/2.2/snakeyaml-2.2-sources.jar
2024-04-15 21:44:31,055 [Worker-5: Download sources and javadoc] INFO  o.e.m.j.internal.DownloadSourcesJob - Downloaded sources for org.yaml:snakeyaml:2.2
2024-04-15 21:44:31,157 [Worker-5: Download sources and javadoc] INFO  o.e.m.c.i.e.AbstractTransferListenerAdapter - Downloading https://repo.maven.apache.org/maven2/org/springframework/boot/spring-boot-starter-json/3.2.4/spring-boot-starter-json-3.2.4-sources.jar
2024-04-15 21:44:31,243 [Worker-5: Download sources and javadoc] INFO  o.e.m.c.i.e.AbstractTransferListenerAdapter - Downloaded https://repo.maven.apache.org/maven2/org/springframework/boot/spring-boot-starter-json/3.2.4/spring-boot-starter-json-3.2.4-sources.jar
2024-04-15 21:44:31,255 [Worker-5: Download sources and javadoc] INFO  o.e.m.j.internal.DownloadSourcesJob - Downloaded sources for org.springframework.boot:spring-boot-starter-json:3.2.4
2024-04-15 21:44:31,313 [Worker-5: Download sources and javadoc] INFO  o.e.m.c.i.e.AbstractTransferListenerAdapter - Downloading https://repo.maven.apache.org/maven2/com/fasterxml/jackson/core/jackson-databind/2.15.4/jackson-databind-2.15.4-sources.jar
2024-04-15 21:44:31,444 [Worker-5: Download sources and javadoc] INFO  o.e.m.c.i.e.AbstractTransferListenerAdapter - Downloaded https://repo.maven.apache.org/maven2/com/fasterxml/jackson/core/jackson-databind/2.15.4/jackson-databind-2.15.4-sources.jar
2024-04-15 21:44:31,457 [Worker-5: Download sources and javadoc] INFO  o.e.m.j.internal.DownloadSourcesJob - Downloaded sources for com.fasterxml.jackson.core:jackson-databind:2.15.4
2024-04-15 21:44:31,515 [Worker-5: Download sources and javadoc] INFO  o.e.m.c.i.e.AbstractTransferListenerAdapter - Downloading https://repo.maven.apache.org/maven2/com/fasterxml/jackson/core/jackson-annotations/2.15.4/jackson-annotations-2.15.4-sources.jar
2024-04-15 21:44:31,591 [Worker-5: Download sources and javadoc] INFO  o.e.m.c.i.e.AbstractTransferListenerAdapter - Downloaded https://repo.maven.apache.org/maven2/com/fasterxml/jackson/core/jackson-annotations/2.15.4/jackson-annotations-2.15.4-sources.jar
2024-04-15 21:44:31,603 [Worker-5: Download sources and javadoc] INFO  o.e.m.j.internal.DownloadSourcesJob - Downloaded sources for com.fasterxml.jackson.core:jackson-annotations:2.15.4
2024-04-15 21:44:31,673 [Worker-5: Download sources and javadoc] INFO  o.e.m.c.i.e.AbstractTransferListenerAdapter - Downloading https://repo.maven.apache.org/maven2/com/fasterxml/jackson/core/jackson-core/2.15.4/jackson-core-2.15.4-sources.jar
2024-04-15 21:44:31,771 [Worker-5: Download sources and javadoc] INFO  o.e.m.c.i.e.AbstractTransferListenerAdapter - Downloaded https://repo.maven.apache.org/maven2/com/fasterxml/jackson/core/jackson-core/2.15.4/jackson-core-2.15.4-sources.jar
2024-04-15 21:44:31,784 [Worker-5: Download sources and javadoc] INFO  o.e.m.j.internal.DownloadSourcesJob - Downloaded sources for com.fasterxml.jackson.core:jackson-core:2.15.4
2024-04-15 21:44:31,889 [Worker-5: Download sources and javadoc] INFO  o.e.m.c.i.e.AbstractTransferListenerAdapter - Downloading https://repo.maven.apache.org/maven2/com/fasterxml/jackson/datatype/jackson-datatype-jdk8/2.15.4/jackson-datatype-jdk8-2.15.4-sources.jar
2024-04-15 21:44:32,781 [Worker-5: Download sources and javadoc] INFO  o.e.m.c.i.e.AbstractTransferListenerAdapter - Downloaded https://repo.maven.apache.org/maven2/com/fasterxml/jackson/datatype/jackson-datatype-jdk8/2.15.4/jackson-datatype-jdk8-2.15.4-sources.jar
2024-04-15 21:44:32,792 [Worker-5: Download sources and javadoc] INFO  o.e.m.j.internal.DownloadSourcesJob - Downloaded sources for com.fasterxml.jackson.datatype:jackson-datatype-jdk8:2.15.4
2024-04-15 21:44:33,055 [Worker-5: Download sources and javadoc] INFO  o.e.m.c.i.e.AbstractTransferListenerAdapter - Downloading https://repo.maven.apache.org/maven2/com/fasterxml/jackson/datatype/jackson-datatype-jsr310/2.15.4/jackson-datatype-jsr310-2.15.4-sources.jar
2024-04-15 21:44:33,177 [Worker-5: Download sources and javadoc] INFO  o.e.m.c.i.e.AbstractTransferListenerAdapter - Downloaded https://repo.maven.apache.org/maven2/com/fasterxml/jackson/datatype/jackson-datatype-jsr310/2.15.4/jackson-datatype-jsr310-2.15.4-sources.jar
2024-04-15 21:44:33,190 [Worker-5: Download sources and javadoc] INFO  o.e.m.j.internal.DownloadSourcesJob - Downloaded sources for com.fasterxml.jackson.datatype:jackson-datatype-jsr310:2.15.4
2024-04-15 21:44:33,243 [Worker-5: Download sources and javadoc] INFO  o.e.m.c.i.e.AbstractTransferListenerAdapter - Downloading https://repo.maven.apache.org/maven2/com/fasterxml/jackson/module/jackson-module-parameter-names/2.15.4/jackson-module-parameter-names-2.15.4-sources.jar
2024-04-15 21:44:33,407 [Worker-5: Download sources and javadoc] INFO  o.e.m.c.i.e.AbstractTransferListenerAdapter - Downloaded https://repo.maven.apache.org/maven2/com/fasterxml/jackson/module/jackson-module-parameter-names/2.15.4/jackson-module-parameter-names-2.15.4-sources.jar
2024-04-15 21:44:33,420 [Worker-5: Download sources and javadoc] INFO  o.e.m.j.internal.DownloadSourcesJob - Downloaded sources for com.fasterxml.jackson.module:jackson-module-parameter-names:2.15.4
2024-04-15 21:44:33,480 [Worker-5: Download sources and javadoc] INFO  o.e.m.c.i.e.AbstractTransferListenerAdapter - Downloading https://repo.maven.apache.org/maven2/org/springframework/boot/spring-boot-starter-tomcat/3.2.4/spring-boot-starter-tomcat-3.2.4-sources.jar
2024-04-15 21:44:33,567 [Worker-5: Download sources and javadoc] INFO  o.e.m.c.i.e.AbstractTransferListenerAdapter - Downloaded https://repo.maven.apache.org/maven2/org/springframework/boot/spring-boot-starter-tomcat/3.2.4/spring-boot-starter-tomcat-3.2.4-sources.jar
2024-04-15 21:44:33,577 [Worker-5: Download sources and javadoc] INFO  o.e.m.j.internal.DownloadSourcesJob - Downloaded sources for org.springframework.boot:spring-boot-starter-tomcat:3.2.4
2024-04-15 21:44:33,659 [Worker-5: Download sources and javadoc] INFO  o.e.m.c.i.e.AbstractTransferListenerAdapter - Downloading https://repo.maven.apache.org/maven2/org/apache/tomcat/embed/tomcat-embed-core/10.1.19/tomcat-embed-core-10.1.19-sources.jar
2024-04-15 21:44:34,165 [Worker-5: Download sources and javadoc] INFO  o.e.m.c.i.e.AbstractTransferListenerAdapter - Downloaded https://repo.maven.apache.org/maven2/org/apache/tomcat/embed/tomcat-embed-core/10.1.19/tomcat-embed-core-10.1.19-sources.jar
2024-04-15 21:44:34,176 [Worker-5: Download sources and javadoc] INFO  o.e.m.j.internal.DownloadSourcesJob - Downloaded sources for org.apache.tomcat.embed:tomcat-embed-core:10.1.19
2024-04-15 21:44:34,235 [Worker-5: Download sources and javadoc] INFO  o.e.m.c.i.e.AbstractTransferListenerAdapter - Downloading https://repo.maven.apache.org/maven2/org/apache/tomcat/embed/tomcat-embed-el/10.1.19/tomcat-embed-el-10.1.19-sources.jar
2024-04-15 21:44:34,326 [Worker-5: Download sources and javadoc] INFO  o.e.m.c.i.e.AbstractTransferListenerAdapter - Downloaded https://repo.maven.apache.org/maven2/org/apache/tomcat/embed/tomcat-embed-el/10.1.19/tomcat-embed-el-10.1.19-sources.jar
2024-04-15 21:44:34,337 [Worker-5: Download sources and javadoc] INFO  o.e.m.j.internal.DownloadSourcesJob - Downloaded sources for org.apache.tomcat.embed:tomcat-embed-el:10.1.19
2024-04-15 21:44:34,388 [Worker-5: Download sources and javadoc] INFO  o.e.m.c.i.e.AbstractTransferListenerAdapter - Downloading https://repo.maven.apache.org/maven2/org/apache/tomcat/embed/tomcat-embed-websocket/10.1.19/tomcat-embed-websocket-10.1.19-sources.jar
2024-04-15 21:44:34,496 [Worker-5: Download sources and javadoc] INFO  o.e.m.c.i.e.AbstractTransferListenerAdapter - Downloaded https://repo.maven.apache.org/maven2/org/apache/tomcat/embed/tomcat-embed-websocket/10.1.19/tomcat-embed-websocket-10.1.19-sources.jar
2024-04-15 21:44:34,517 [Worker-5: Download sources and javadoc] INFO  o.e.m.j.internal.DownloadSourcesJob - Downloaded sources for org.apache.tomcat.embed:tomcat-embed-websocket:10.1.19
2024-04-15 21:44:34,586 [Worker-5: Download sources and javadoc] INFO  o.e.m.c.i.e.AbstractTransferListenerAdapter - Downloading https://repo.maven.apache.org/maven2/org/springframework/spring-web/6.1.5/spring-web-6.1.5-sources.jar
2024-04-15 21:44:34,712 [Worker-5: Download sources and javadoc] INFO  o.e.m.c.i.e.AbstractTransferListenerAdapter - Downloaded https://repo.maven.apache.org/maven2/org/springframework/spring-web/6.1.5/spring-web-6.1.5-sources.jar
2024-04-15 21:44:34,719 [Worker-5: Download sources and javadoc] INFO  o.e.m.j.internal.DownloadSourcesJob - Downloaded sources for org.springframework:spring-web:6.1.5
2024-04-15 21:44:34,777 [Worker-5: Download sources and javadoc] INFO  o.e.m.c.i.e.AbstractTransferListenerAdapter - Downloading https://repo.maven.apache.org/maven2/org/springframework/spring-beans/6.1.5/spring-beans-6.1.5-sources.jar
2024-04-15 21:44:34,869 [Worker-5: Download sources and javadoc] INFO  o.e.m.c.i.e.AbstractTransferListenerAdapter - Downloaded https://repo.maven.apache.org/maven2/org/springframework/spring-beans/6.1.5/spring-beans-6.1.5-sources.jar
2024-04-15 21:44:34,876 [Worker-5: Download sources and javadoc] INFO  o.e.m.j.internal.DownloadSourcesJob - Downloaded sources for org.springframework:spring-beans:6.1.5
2024-04-15 21:44:34,927 [Worker-5: Download sources and javadoc] INFO  o.e.m.c.i.e.AbstractTransferListenerAdapter - Downloading https://repo.maven.apache.org/maven2/io/micrometer/micrometer-observation/1.12.4/micrometer-observation-1.12.4-sources.jar
2024-04-15 21:44:34,980 [Worker-5: Download sources and javadoc] INFO  o.e.m.c.i.e.AbstractTransferListenerAdapter - Downloaded https://repo.maven.apache.org/maven2/io/micrometer/micrometer-observation/1.12.4/micrometer-observation-1.12.4-sources.jar
2024-04-15 21:44:34,988 [Worker-5: Download sources and javadoc] INFO  o.e.m.j.internal.DownloadSourcesJob - Downloaded sources for io.micrometer:micrometer-observation:1.12.4
2024-04-15 21:44:35,038 [Worker-5: Download sources and javadoc] INFO  o.e.m.c.i.e.AbstractTransferListenerAdapter - Downloading https://repo.maven.apache.org/maven2/io/micrometer/micrometer-commons/1.12.4/micrometer-commons-1.12.4-sources.jar
2024-04-15 21:44:36,451 [Worker-5: Download sources and javadoc] INFO  o.e.m.c.i.e.AbstractTransferListenerAdapter - Downloaded https://repo.maven.apache.org/maven2/io/micrometer/micrometer-commons/1.12.4/micrometer-commons-1.12.4-sources.jar
2024-04-15 21:44:36,471 [Worker-5: Download sources and javadoc] INFO  o.e.m.j.internal.DownloadSourcesJob - Downloaded sources for io.micrometer:micrometer-commons:1.12.4
2024-04-15 21:44:36,593 [Worker-5: Download sources and javadoc] INFO  o.e.m.c.i.e.AbstractTransferListenerAdapter - Downloading https://repo.maven.apache.org/maven2/org/springframework/spring-webmvc/6.1.5/spring-webmvc-6.1.5-sources.jar
2024-04-15 21:44:36,765 [Worker-5: Download sources and javadoc] INFO  o.e.m.c.i.e.AbstractTransferListenerAdapter - Downloaded https://repo.maven.apache.org/maven2/org/springframework/spring-webmvc/6.1.5/spring-webmvc-6.1.5-sources.jar
2024-04-15 21:44:36,776 [Worker-5: Download sources and javadoc] INFO  o.e.m.j.internal.DownloadSourcesJob - Downloaded sources for org.springframework:spring-webmvc:6.1.5
2024-04-15 21:44:36,827 [Worker-5: Download sources and javadoc] INFO  o.e.m.c.i.e.AbstractTransferListenerAdapter - Downloading https://repo.maven.apache.org/maven2/org/springframework/spring-aop/6.1.5/spring-aop-6.1.5-sources.jar
2024-04-15 21:44:36,948 [Worker-5: Download sources and javadoc] INFO  o.e.m.c.i.e.AbstractTransferListenerAdapter - Downloaded https://repo.maven.apache.org/maven2/org/springframework/spring-aop/6.1.5/spring-aop-6.1.5-sources.jar
2024-04-15 21:44:36,957 [Worker-5: Download sources and javadoc] INFO  o.e.m.j.internal.DownloadSourcesJob - Downloaded sources for org.springframework:spring-aop:6.1.5
2024-04-15 21:44:37,057 [Worker-5: Download sources and javadoc] INFO  o.e.m.c.i.e.AbstractTransferListenerAdapter - Downloading https://repo.maven.apache.org/maven2/org/springframework/spring-context/6.1.5/spring-context-6.1.5-sources.jar
2024-04-15 21:44:37,310 [Worker-5: Download sources and javadoc] INFO  o.e.m.c.i.e.AbstractTransferListenerAdapter - Downloaded https://repo.maven.apache.org/maven2/org/springframework/spring-context/6.1.5/spring-context-6.1.5-sources.jar
2024-04-15 21:44:37,317 [Worker-5: Download sources and javadoc] INFO  o.e.m.j.internal.DownloadSourcesJob - Downloaded sources for org.springframework:spring-context:6.1.5
2024-04-15 21:44:37,391 [Worker-5: Download sources and javadoc] INFO  o.e.m.c.i.e.AbstractTransferListenerAdapter - Downloading https://repo.maven.apache.org/maven2/org/springframework/spring-expression/6.1.5/spring-expression-6.1.5-sources.jar
2024-04-15 21:44:37,508 [Worker-5: Download sources and javadoc] INFO  o.e.m.c.i.e.AbstractTransferListenerAdapter - Downloaded https://repo.maven.apache.org/maven2/org/springframework/spring-expression/6.1.5/spring-expression-6.1.5-sources.jar
2024-04-15 21:44:37,529 [Worker-5: Download sources and javadoc] INFO  o.e.m.j.internal.DownloadSourcesJob - Downloaded sources for org.springframework:spring-expression:6.1.5
2024-04-15 21:44:37,623 [Worker-5: Download sources and javadoc] INFO  o.e.m.c.i.e.AbstractTransferListenerAdapter - Downloading https://repo.maven.apache.org/maven2/org/slf4j/slf4j-api/2.0.12/slf4j-api-2.0.12-sources.jar
2024-04-15 21:44:37,753 [Worker-5: Download sources and javadoc] INFO  o.e.m.c.i.e.AbstractTransferListenerAdapter - Downloaded https://repo.maven.apache.org/maven2/org/slf4j/slf4j-api/2.0.12/slf4j-api-2.0.12-sources.jar
2024-04-15 21:44:37,775 [Worker-5: Download sources and javadoc] INFO  o.e.m.j.internal.DownloadSourcesJob - Downloaded sources for org.slf4j:slf4j-api:2.0.12
2024-04-15 21:44:37,867 [Worker-5: Download sources and javadoc] INFO  o.e.m.c.i.e.AbstractTransferListenerAdapter - Downloading https://repo.maven.apache.org/maven2/org/springframework/spring-core/6.1.5/spring-core-6.1.5-sources.jar
2024-04-15 21:44:38,039 [Worker-5: Download sources and javadoc] INFO  o.e.m.c.i.e.AbstractTransferListenerAdapter - Downloaded https://repo.maven.apache.org/maven2/org/springframework/spring-core/6.1.5/spring-core-6.1.5-sources.jar
2024-04-15 21:44:38,053 [Worker-5: Download sources and javadoc] INFO  o.e.m.j.internal.DownloadSourcesJob - Downloaded sources for org.springframework:spring-core:6.1.5
2024-04-15 21:44:38,113 [Worker-5: Download sources and javadoc] INFO  o.e.m.c.i.e.AbstractTransferListenerAdapter - Downloading https://repo.maven.apache.org/maven2/org/springframework/spring-jcl/6.1.5/spring-jcl-6.1.5-sources.jar
2024-04-15 21:44:38,590 [Worker-5: Download sources and javadoc] INFO  o.e.m.c.i.e.AbstractTransferListenerAdapter - Downloaded https://repo.maven.apache.org/maven2/org/springframework/spring-jcl/6.1.5/spring-jcl-6.1.5-sources.jar
2024-04-15 21:44:38,603 [Worker-5: Download sources and javadoc] INFO  o.e.m.j.internal.DownloadSourcesJob - Downloaded sources for org.springframework:spring-jcl:6.1.5
2024-04-15 21:44:40,077 [Worker-3: Download sources and javadoc] INFO  o.e.m.c.i.e.AbstractTransferListenerAdapter - Downloading https://repo.maven.apache.org/maven2/org/springframework/boot/spring-boot-starter-test/3.2.4/spring-boot-starter-test-3.2.4-sources.jar
2024-04-15 21:44:40,139 [Worker-3: Download sources and javadoc] INFO  o.e.m.c.i.e.AbstractTransferListenerAdapter - Downloaded https://repo.maven.apache.org/maven2/org/springframework/boot/spring-boot-starter-test/3.2.4/spring-boot-starter-test-3.2.4-sources.jar
2024-04-15 21:44:40,149 [Worker-3: Download sources and javadoc] INFO  o.e.m.j.internal.DownloadSourcesJob - Downloaded sources for org.springframework.boot:spring-boot-starter-test:3.2.4
2024-04-15 21:44:40,189 [Worker-3: Download sources and javadoc] INFO  o.e.m.c.i.e.AbstractTransferListenerAdapter - Downloading https://repo.maven.apache.org/maven2/org/springframework/boot/spring-boot-test/3.2.4/spring-boot-test-3.2.4-sources.jar
2024-04-15 21:44:40,271 [Worker-3: Download sources and javadoc] INFO  o.e.m.c.i.e.AbstractTransferListenerAdapter - Downloaded https://repo.maven.apache.org/maven2/org/springframework/boot/spring-boot-test/3.2.4/spring-boot-test-3.2.4-sources.jar
2024-04-15 21:44:40,278 [Worker-3: Download sources and javadoc] INFO  o.e.m.j.internal.DownloadSourcesJob - Downloaded sources for org.springframework.boot:spring-boot-test:3.2.4
2024-04-15 21:44:40,317 [Worker-3: Download sources and javadoc] INFO  o.e.m.c.i.e.AbstractTransferListenerAdapter - Downloading https://repo.maven.apache.org/maven2/org/springframework/boot/spring-boot-test-autoconfigure/3.2.4/spring-boot-test-autoconfigure-3.2.4-sources.jar
2024-04-15 21:44:40,386 [Worker-3: Download sources and javadoc] INFO  o.e.m.c.i.e.AbstractTransferListenerAdapter - Downloaded https://repo.maven.apache.org/maven2/org/springframework/boot/spring-boot-test-autoconfigure/3.2.4/spring-boot-test-autoconfigure-3.2.4-sources.jar
2024-04-15 21:44:40,396 [Worker-3: Download sources and javadoc] INFO  o.e.m.j.internal.DownloadSourcesJob - Downloaded sources for org.springframework.boot:spring-boot-test-autoconfigure:3.2.4
2024-04-15 21:44:40,453 [Worker-3: Download sources and javadoc] INFO  o.e.m.c.i.e.AbstractTransferListenerAdapter - Downloading https://repo.maven.apache.org/maven2/com/jayway/jsonpath/json-path/2.9.0/json-path-2.9.0-sources.jar
2024-04-15 21:44:40,515 [Worker-3: Download sources and javadoc] INFO  o.e.m.c.i.e.AbstractTransferListenerAdapter - Downloaded https://repo.maven.apache.org/maven2/com/jayway/jsonpath/json-path/2.9.0/json-path-2.9.0-sources.jar
2024-04-15 21:44:40,524 [Worker-3: Download sources and javadoc] INFO  o.e.m.j.internal.DownloadSourcesJob - Downloaded sources for com.jayway.jsonpath:json-path:2.9.0
2024-04-15 21:44:40,575 [Worker-3: Download sources and javadoc] INFO  o.e.m.c.i.e.AbstractTransferListenerAdapter - Downloading https://repo.maven.apache.org/maven2/jakarta/xml/bind/jakarta.xml.bind-api/4.0.2/jakarta.xml.bind-api-4.0.2-sources.jar
2024-04-15 21:44:40,664 [Worker-3: Download sources and javadoc] INFO  o.e.m.c.i.e.AbstractTransferListenerAdapter - Downloaded https://repo.maven.apache.org/maven2/jakarta/xml/bind/jakarta.xml.bind-api/4.0.2/jakarta.xml.bind-api-4.0.2-sources.jar
2024-04-15 21:44:40,677 [Worker-3: Download sources and javadoc] INFO  o.e.m.j.internal.DownloadSourcesJob - Downloaded sources for jakarta.xml.bind:jakarta.xml.bind-api:4.0.2
2024-04-15 21:44:40,751 [Worker-3: Download sources and javadoc] INFO  o.e.m.c.i.e.AbstractTransferListenerAdapter - Downloading https://repo.maven.apache.org/maven2/jakarta/activation/jakarta.activation-api/2.1.3/jakarta.activation-api-2.1.3-sources.jar
2024-04-15 21:44:40,806 [Worker-3: Download sources and javadoc] INFO  o.e.m.c.i.e.AbstractTransferListenerAdapter - Downloaded https://repo.maven.apache.org/maven2/jakarta/activation/jakarta.activation-api/2.1.3/jakarta.activation-api-2.1.3-sources.jar
2024-04-15 21:44:40,814 [Worker-3: Download sources and javadoc] INFO  o.e.m.j.internal.DownloadSourcesJob - Downloaded sources for jakarta.activation:jakarta.activation-api:2.1.3
2024-04-15 21:44:40,864 [Worker-3: Download sources and javadoc] INFO  o.e.m.c.i.e.AbstractTransferListenerAdapter - Downloading https://repo.maven.apache.org/maven2/net/minidev/json-smart/2.5.0/json-smart-2.5.0-sources.jar
2024-04-15 21:44:40,938 [Worker-3: Download sources and javadoc] INFO  o.e.m.c.i.e.AbstractTransferListenerAdapter - Downloaded https://repo.maven.apache.org/maven2/net/minidev/json-smart/2.5.0/json-smart-2.5.0-sources.jar
2024-04-15 21:44:40,946 [Worker-3: Download sources and javadoc] INFO  o.e.m.j.internal.DownloadSourcesJob - Downloaded sources for net.minidev:json-smart:2.5.0
2024-04-15 21:44:41,001 [Worker-3: Download sources and javadoc] INFO  o.e.m.c.i.e.AbstractTransferListenerAdapter - Downloading https://repo.maven.apache.org/maven2/net/minidev/accessors-smart/2.5.0/accessors-smart-2.5.0-sources.jar
2024-04-15 21:44:41,488 [Worker-3: Download sources and javadoc] INFO  o.e.m.c.i.e.AbstractTransferListenerAdapter - Downloaded https://repo.maven.apache.org/maven2/net/minidev/accessors-smart/2.5.0/accessors-smart-2.5.0-sources.jar
2024-04-15 21:44:41,505 [Worker-3: Download sources and javadoc] INFO  o.e.m.j.internal.DownloadSourcesJob - Downloaded sources for net.minidev:accessors-smart:2.5.0
2024-04-15 21:44:41,573 [Worker-3: Download sources and javadoc] INFO  o.e.m.c.i.e.AbstractTransferListenerAdapter - Downloading https://repo.maven.apache.org/maven2/org/ow2/asm/asm/9.3/asm-9.3-sources.jar
2024-04-15 21:44:41,699 [Worker-3: Download sources and javadoc] INFO  o.e.m.c.i.e.AbstractTransferListenerAdapter - Downloaded https://repo.maven.apache.org/maven2/org/ow2/asm/asm/9.3/asm-9.3-sources.jar
2024-04-15 21:44:41,711 [Worker-3: Download sources and javadoc] INFO  o.e.m.j.internal.DownloadSourcesJob - Downloaded sources for org.ow2.asm:asm:9.3
2024-04-15 21:44:41,795 [Worker-3: Download sources and javadoc] INFO  o.e.m.c.i.e.AbstractTransferListenerAdapter - Downloading https://repo.maven.apache.org/maven2/org/assertj/assertj-core/3.24.2/assertj-core-3.24.2-sources.jar
2024-04-15 21:44:41,972 [Worker-3: Download sources and javadoc] INFO  o.e.m.c.i.e.AbstractTransferListenerAdapter - Downloaded https://repo.maven.apache.org/maven2/org/assertj/assertj-core/3.24.2/assertj-core-3.24.2-sources.jar
2024-04-15 21:44:41,983 [Worker-3: Download sources and javadoc] INFO  o.e.m.j.internal.DownloadSourcesJob - Downloaded sources for org.assertj:assertj-core:3.24.2
2024-04-15 21:44:42,035 [Worker-3: Download sources and javadoc] INFO  o.e.m.c.i.e.AbstractTransferListenerAdapter - Downloading https://repo.maven.apache.org/maven2/net/bytebuddy/byte-buddy/1.14.12/byte-buddy-1.14.12-sources.jar
2024-04-15 21:44:42,267 [Worker-3: Download sources and javadoc] INFO  o.e.m.c.i.e.AbstractTransferListenerAdapter - Downloaded https://repo.maven.apache.org/maven2/net/bytebuddy/byte-buddy/1.14.12/byte-buddy-1.14.12-sources.jar
2024-04-15 21:44:42,303 [Worker-3: Download sources and javadoc] INFO  o.e.m.j.internal.DownloadSourcesJob - Downloaded sources for net.bytebuddy:byte-buddy:1.14.12
2024-04-15 21:44:42,378 [Worker-3: Download sources and javadoc] INFO  o.e.m.c.i.e.AbstractTransferListenerAdapter - Downloading https://repo.maven.apache.org/maven2/org/awaitility/awaitility/4.2.0/awaitility-4.2.0-sources.jar
2024-04-15 21:44:42,492 [Worker-3: Download sources and javadoc] INFO  o.e.m.c.i.e.AbstractTransferListenerAdapter - Downloaded https://repo.maven.apache.org/maven2/org/awaitility/awaitility/4.2.0/awaitility-4.2.0-sources.jar
2024-04-15 21:44:42,510 [Worker-3: Download sources and javadoc] INFO  o.e.m.j.internal.DownloadSourcesJob - Downloaded sources for org.awaitility:awaitility:4.2.0
2024-04-15 21:44:42,634 [Worker-3: Download sources and javadoc] INFO  o.e.m.c.i.e.AbstractTransferListenerAdapter - Downloading https://repo.maven.apache.org/maven2/org/junit/jupiter/junit-jupiter/5.10.2/junit-jupiter-5.10.2-sources.jar
2024-04-15 21:44:42,786 [Worker-3: Download sources and javadoc] INFO  o.e.m.c.i.e.AbstractTransferListenerAdapter - Downloaded https://repo.maven.apache.org/maven2/org/junit/jupiter/junit-jupiter/5.10.2/junit-jupiter-5.10.2-sources.jar
2024-04-15 21:44:42,802 [Worker-3: Download sources and javadoc] INFO  o.e.m.j.internal.DownloadSourcesJob - Downloaded sources for org.junit.jupiter:junit-jupiter:5.10.2
2024-04-15 21:44:42,899 [Worker-3: Download sources and javadoc] INFO  o.e.m.c.i.e.AbstractTransferListenerAdapter - Downloading https://repo.maven.apache.org/maven2/org/junit/jupiter/junit-jupiter-api/5.10.2/junit-jupiter-api-5.10.2-sources.jar
2024-04-15 21:44:43,009 [Worker-3: Download sources and javadoc] INFO  o.e.m.c.i.e.AbstractTransferListenerAdapter - Downloaded https://repo.maven.apache.org/maven2/org/junit/jupiter/junit-jupiter-api/5.10.2/junit-jupiter-api-5.10.2-sources.jar
2024-04-15 21:44:43,029 [Worker-3: Download sources and javadoc] INFO  o.e.m.j.internal.DownloadSourcesJob - Downloaded sources for org.junit.jupiter:junit-jupiter-api:5.10.2
2024-04-15 21:44:43,151 [Worker-3: Download sources and javadoc] INFO  o.e.m.c.i.e.AbstractTransferListenerAdapter - Downloading https://repo.maven.apache.org/maven2/org/opentest4j/opentest4j/1.3.0/opentest4j-1.3.0-sources.jar
2024-04-15 21:44:43,503 [Worker-3: Download sources and javadoc] INFO  o.e.m.c.i.e.AbstractTransferListenerAdapter - Downloaded https://repo.maven.apache.org/maven2/org/opentest4j/opentest4j/1.3.0/opentest4j-1.3.0-sources.jar
2024-04-15 21:44:43,518 [Worker-3: Download sources and javadoc] INFO  o.e.m.j.internal.DownloadSourcesJob - Downloaded sources for org.opentest4j:opentest4j:1.3.0
2024-04-15 21:44:43,573 [Worker-3: Download sources and javadoc] INFO  o.e.m.c.i.e.AbstractTransferListenerAdapter - Downloading https://repo.maven.apache.org/maven2/org/junit/platform/junit-platform-commons/1.10.2/junit-platform-commons-1.10.2-sources.jar
2024-04-15 21:44:43,676 [Worker-3: Download sources and javadoc] INFO  o.e.m.c.i.e.AbstractTransferListenerAdapter - Downloaded https://repo.maven.apache.org/maven2/org/junit/platform/junit-platform-commons/1.10.2/junit-platform-commons-1.10.2-sources.jar
2024-04-15 21:44:43,694 [Worker-3: Download sources and javadoc] INFO  o.e.m.j.internal.DownloadSourcesJob - Downloaded sources for org.junit.platform:junit-platform-commons:1.10.2
